2021-09-13 08:56:43.378  INFO 1900 --- [main] com.example.PMS.PMSApplication           : Starting PMSApplication using Java 16.0.1 on KaBiL with PID 1900 (C:\Users\Dr Ariahran\git\SpringBootUST\PMS\target\classes started by Dr Ariahran in C:\Users\Dr Ariahran\git\SpringBootUST\PMS)
2021-09-13 08:56:43.384  INFO 1900 --- [main] com.example.PMS.PMSApplication           : No active profile set, falling back to default profiles: default
2021-09-13 08:56:44.271  INFO 1900 --- [main] .s.d.r.c.RepositoryConfigurationDelegate : Bootstrapping Spring Data JPA repositories in DEFAULT mode.
2021-09-13 08:56:44.360  INFO 1900 --- [main] .s.d.r.c.RepositoryConfigurationDelegate : Finished Spring Data repository scanning in 48 ms. Found 1 JPA repository interfaces.
2021-09-13 08:56:45.290  INFO 1900 --- [main] o.s.b.w.embedded.tomcat.TomcatWebServer  : Tomcat initialized with port(s): 8080 (http)
2021-09-13 08:56:45.334  INFO 1900 --- [main] o.apache.catalina.core.StandardService   : Starting service [Tomcat]
2021-09-13 08:56:45.335  INFO 1900 --- [main] org.apache.catalina.core.StandardEngine  : Starting Servlet engine: [Apache Tomcat/9.0.52]
2021-09-13 08:56:45.488  INFO 1900 --- [main] o.a.c.c.C.[Tomcat].[localhost].[/]       : Initializing Spring embedded WebApplicationContext
2021-09-13 08:56:45.489  INFO 1900 --- [main] w.s.c.ServletWebServerApplicationContext : Root WebApplicationContext: initialization completed in 1998 ms
2021-09-13 08:56:45.732  INFO 1900 --- [main] o.hibernate.jpa.internal.util.LogHelper  : HHH000204: Processing PersistenceUnitInfo [name: default]
2021-09-13 08:56:45.787  INFO 1900 --- [main] org.hibernate.Version                    : HHH000412: Hibernate ORM core version 5.4.32.Final
2021-09-13 08:56:45.940  INFO 1900 --- [main] o.hibernate.annotations.common.Version   : HCANN000001: Hibernate Commons Annotations {5.1.2.Final}
2021-09-13 08:56:46.057  INFO 1900 --- [main] com.zaxxer.hikari.HikariDataSource       : HikariPool-1 - Starting...
2021-09-13 08:56:46.064  WARN 1900 --- [main] com.zaxxer.hikari.util.DriverDataSource  : Registered driver with driverClassName=com.mysql.jdbc.Driver was not found, trying direct instantiation.
2021-09-13 08:56:46.474  INFO 1900 --- [main] com.zaxxer.hikari.HikariDataSource       : HikariPool-1 - Start completed.
2021-09-13 08:56:46.491  INFO 1900 --- [main] org.hibernate.dialect.Dialect            : HHH000400: Using dialect: org.hibernate.dialect.MySQL5InnoDBDialect
2021-09-13 08:56:47.295  INFO 1900 --- [main] o.h.e.t.j.p.i.JtaPlatformInitiator       : HHH000490: Using JtaPlatform implementation: [org.hibernate.engine.transaction.jta.platform.internal.NoJtaPlatform]
2021-09-13 08:56:47.306  INFO 1900 --- [main] j.LocalContainerEntityManagerFactoryBean : Initialized JPA EntityManagerFactory for persistence unit 'default'
2021-09-13 08:56:47.840  WARN 1900 --- [main] JpaBaseConfiguration$JpaWebConfiguration : spring.jpa.open-in-view is enabled by default. Therefore, database queries may be performed during view rendering. Explicitly configure spring.jpa.open-in-view to disable this warning
2021-09-13 08:56:48.475  INFO 1900 --- [main] o.s.b.w.embedded.tomcat.TomcatWebServer  : Tomcat started on port(s): 8080 (http) with context path ''
2021-09-13 08:56:48.487  INFO 1900 --- [main] com.example.PMS.PMSApplication           : Started PMSApplication in 5.703 seconds (JVM running for 7.123)
2021-09-13 08:57:01.420  INFO 1900 --- [RMI TCP Connection(2)-127.0.0.1] inMXBeanRegistrar$SpringApplicationAdmin : Application shutdown requested.
2021-09-13 08:57:01.445  INFO 1900 --- [RMI TCP Connection(2)-127.0.0.1] j.LocalContainerEntityManagerFactoryBean : Closing JPA EntityManagerFactory for persistence unit 'default'
2021-09-13 08:57:01.448  INFO 1900 --- [RMI TCP Connection(2)-127.0.0.1] com.zaxxer.hikari.HikariDataSource       : HikariPool-1 - Shutdown initiated...
2021-09-13 08:57:01.457  INFO 1900 --- [RMI TCP Connection(2)-127.0.0.1] com.zaxxer.hikari.HikariDataSource       : HikariPool-1 - Shutdown completed.
