2021-09-09 00:06:27.860  INFO 4416 --- [RMI TCP Connection(12)-127.0.0.1] inMXBeanRegistrar$SpringApplicationAdmin : Application shutdown requested.
2021-09-09 00:06:27.889  INFO 4416 --- [RMI TCP Connection(12)-127.0.0.1] j.LocalContainerEntityManagerFactoryBean : Closing JPA EntityManagerFactory for persistence unit 'default'
2021-09-09 00:06:27.891  INFO 4416 --- [RMI TCP Connection(12)-127.0.0.1] com.zaxxer.hikari.HikariDataSource       : HikariPool-1 - Shutdown initiated...
2021-09-09 00:06:27.899  INFO 4416 --- [RMI TCP Connection(12)-127.0.0.1] com.zaxxer.hikari.HikariDataSource       : HikariPool-1 - Shutdown completed.
2021-09-09 00:06:38.187  INFO 4156 --- [main] com.example.PMS.PMSApplication           : Starting PMSApplication using Java 16.0.1 on KaBiL with PID 4156 (F:\SpringBootUST\PizzaManagement\target\classes started by Dr Ariahran in F:\SpringBootUST\PizzaManagement)
2021-09-09 00:06:38.190  INFO 4156 --- [main] com.example.PMS.PMSApplication           : No active profile set, falling back to default profiles: default
2021-09-09 00:06:38.879  INFO 4156 --- [main] .s.d.r.c.RepositoryConfigurationDelegate : Bootstrapping Spring Data JPA repositories in DEFAULT mode.
2021-09-09 00:06:38.930  INFO 4156 --- [main] .s.d.r.c.RepositoryConfigurationDelegate : Finished Spring Data repository scanning in 42 ms. Found 1 JPA repository interfaces.
2021-09-09 00:06:39.550  INFO 4156 --- [main] o.s.b.w.embedded.tomcat.TomcatWebServer  : Tomcat initialized with port(s): 8080 (http)
2021-09-09 00:06:39.560  INFO 4156 --- [main] o.apache.catalina.core.StandardService   : Starting service [Tomcat]
2021-09-09 00:06:39.560  INFO 4156 --- [main] org.apache.catalina.core.StandardEngine  : Starting Servlet engine: [Apache Tomcat/9.0.52]
2021-09-09 00:06:39.740  INFO 4156 --- [main] o.a.c.c.C.[Tomcat].[localhost].[/]       : Initializing Spring embedded WebApplicationContext
2021-09-09 00:06:39.741  INFO 4156 --- [main] w.s.c.ServletWebServerApplicationContext : Root WebApplicationContext: initialization completed in 1495 ms
2021-09-09 00:06:39.917  INFO 4156 --- [main] o.hibernate.jpa.internal.util.LogHelper  : HHH000204: Processing PersistenceUnitInfo [name: default]
2021-09-09 00:06:39.966  INFO 4156 --- [main] org.hibernate.Version                    : HHH000412: Hibernate ORM core version 5.4.32.Final
2021-09-09 00:06:40.117  INFO 4156 --- [main] o.hibernate.annotations.common.Version   : HCANN000001: Hibernate Commons Annotations {5.1.2.Final}
2021-09-09 00:06:40.227  INFO 4156 --- [main] com.zaxxer.hikari.HikariDataSource       : HikariPool-1 - Starting...
2021-09-09 00:06:40.232  WARN 4156 --- [main] com.zaxxer.hikari.util.DriverDataSource  : Registered driver with driverClassName=com.mysql.jdbc.Driver was not found, trying direct instantiation.
2021-09-09 00:06:40.578  INFO 4156 --- [main] com.zaxxer.hikari.HikariDataSource       : HikariPool-1 - Start completed.
2021-09-09 00:06:40.594  INFO 4156 --- [main] org.hibernate.dialect.Dialect            : HHH000400: Using dialect: org.hibernate.dialect.MySQL5InnoDBDialect
2021-09-09 00:06:41.313  INFO 4156 --- [main] o.h.e.t.j.p.i.JtaPlatformInitiator       : HHH000490: Using JtaPlatform implementation: [org.hibernate.engine.transaction.jta.platform.internal.NoJtaPlatform]
2021-09-09 00:06:41.325  INFO 4156 --- [main] j.LocalContainerEntityManagerFactoryBean : Initialized JPA EntityManagerFactory for persistence unit 'default'
2021-09-09 00:06:41.664  WARN 4156 --- [main] JpaBaseConfiguration$JpaWebConfiguration : spring.jpa.open-in-view is enabled by default. Therefore, database queries may be performed during view rendering. Explicitly configure spring.jpa.open-in-view to disable this warning
2021-09-09 00:06:42.012  INFO 4156 --- [main] o.s.b.w.embedded.tomcat.TomcatWebServer  : Tomcat started on port(s): 8080 (http) with context path ''
2021-09-09 00:06:42.021  INFO 4156 --- [main] com.example.PMS.PMSApplication           : Started PMSApplication in 4.257 seconds (JVM running for 4.984)
2021-09-09 00:06:49.111  INFO 4156 --- [http-nio-8080-exec-1] o.a.c.c.C.[Tomcat].[localhost].[/]       : Initializing Spring DispatcherServlet 'dispatcherServlet'
2021-09-09 00:06:49.112  INFO 4156 --- [http-nio-8080-exec-1] o.s.web.servlet.DispatcherServlet        : Initializing Servlet 'dispatcherServlet'
2021-09-09 00:06:49.113  INFO 4156 --- [http-nio-8080-exec-1] o.s.web.servlet.DispatcherServlet        : Completed initialization in 1 ms
2021-09-09 00:16:48.519  INFO 4156 --- [RMI TCP Connection(13)-127.0.0.1] inMXBeanRegistrar$SpringApplicationAdmin : Application shutdown requested.
2021-09-09 00:16:48.540  INFO 4156 --- [RMI TCP Connection(13)-127.0.0.1] j.LocalContainerEntityManagerFactoryBean : Closing JPA EntityManagerFactory for persistence unit 'default'
2021-09-09 00:16:48.542  INFO 4156 --- [RMI TCP Connection(13)-127.0.0.1] com.zaxxer.hikari.HikariDataSource       : HikariPool-1 - Shutdown initiated...
2021-09-09 00:16:48.551  INFO 4156 --- [RMI TCP Connection(13)-127.0.0.1] com.zaxxer.hikari.HikariDataSource       : HikariPool-1 - Shutdown completed.
2021-09-09 00:16:53.010  INFO 10272 --- [main] com.example.PMS.PMSApplication           : Starting PMSApplication using Java 16.0.1 on KaBiL with PID 10272 (F:\SpringBootUST\PizzaManagement\target\classes started by Dr Ariahran in F:\SpringBootUST\PizzaManagement)
2021-09-09 00:16:53.014  INFO 10272 --- [main] com.example.PMS.PMSApplication           : No active profile set, falling back to default profiles: default
2021-09-09 00:16:53.701  INFO 10272 --- [main] .s.d.r.c.RepositoryConfigurationDelegate : Bootstrapping Spring Data JPA repositories in DEFAULT mode.
2021-09-09 00:16:53.753  INFO 10272 --- [main] .s.d.r.c.RepositoryConfigurationDelegate : Finished Spring Data repository scanning in 43 ms. Found 1 JPA repository interfaces.
2021-09-09 00:16:54.270  INFO 10272 --- [main] o.s.b.w.embedded.tomcat.TomcatWebServer  : Tomcat initialized with port(s): 8080 (http)
2021-09-09 00:16:54.280  INFO 10272 --- [main] o.apache.catalina.core.StandardService   : Starting service [Tomcat]
2021-09-09 00:16:54.280  INFO 10272 --- [main] org.apache.catalina.core.StandardEngine  : Starting Servlet engine: [Apache Tomcat/9.0.52]
2021-09-09 00:16:54.405  INFO 10272 --- [main] o.a.c.c.C.[Tomcat].[localhost].[/]       : Initializing Spring embedded WebApplicationContext
2021-09-09 00:16:54.405  INFO 10272 --- [main] w.s.c.ServletWebServerApplicationContext : Root WebApplicationContext: initialization completed in 1331 ms
2021-09-09 00:16:54.582  INFO 10272 --- [main] o.hibernate.jpa.internal.util.LogHelper  : HHH000204: Processing PersistenceUnitInfo [name: default]
2021-09-09 00:16:54.629  INFO 10272 --- [main] org.hibernate.Version                    : HHH000412: Hibernate ORM core version 5.4.32.Final
2021-09-09 00:16:54.761  INFO 10272 --- [main] o.hibernate.annotations.common.Version   : HCANN000001: Hibernate Commons Annotations {5.1.2.Final}
2021-09-09 00:16:54.856  INFO 10272 --- [main] com.zaxxer.hikari.HikariDataSource       : HikariPool-1 - Starting...
2021-09-09 00:16:54.861  WARN 10272 --- [main] com.zaxxer.hikari.util.DriverDataSource  : Registered driver with driverClassName=com.mysql.jdbc.Driver was not found, trying direct instantiation.
2021-09-09 00:16:55.211  INFO 10272 --- [main] com.zaxxer.hikari.HikariDataSource       : HikariPool-1 - Start completed.
2021-09-09 00:16:55.226  INFO 10272 --- [main] org.hibernate.dialect.Dialect            : HHH000400: Using dialect: org.hibernate.dialect.MySQL5InnoDBDialect
2021-09-09 00:16:55.916  INFO 10272 --- [main] o.h.e.t.j.p.i.JtaPlatformInitiator       : HHH000490: Using JtaPlatform implementation: [org.hibernate.engine.transaction.jta.platform.internal.NoJtaPlatform]
2021-09-09 00:16:55.926  INFO 10272 --- [main] j.LocalContainerEntityManagerFactoryBean : Initialized JPA EntityManagerFactory for persistence unit 'default'
2021-09-09 00:16:56.260  WARN 10272 --- [main] JpaBaseConfiguration$JpaWebConfiguration : spring.jpa.open-in-view is enabled by default. Therefore, database queries may be performed during view rendering. Explicitly configure spring.jpa.open-in-view to disable this warning
2021-09-09 00:16:56.668  INFO 10272 --- [main] o.s.b.w.embedded.tomcat.TomcatWebServer  : Tomcat started on port(s): 8080 (http) with context path ''
2021-09-09 00:16:56.677  INFO 10272 --- [main] com.example.PMS.PMSApplication           : Started PMSApplication in 4.083 seconds (JVM running for 4.808)
2021-09-09 00:17:10.289  INFO 10272 --- [http-nio-8080-exec-1] o.a.c.c.C.[Tomcat].[localhost].[/]       : Initializing Spring DispatcherServlet 'dispatcherServlet'
2021-09-09 00:17:10.290  INFO 10272 --- [http-nio-8080-exec-1] o.s.web.servlet.DispatcherServlet        : Initializing Servlet 'dispatcherServlet'
2021-09-09 00:17:10.292  INFO 10272 --- [http-nio-8080-exec-1] o.s.web.servlet.DispatcherServlet        : Completed initialization in 2 ms
2021-09-09 00:29:00.724  INFO 10272 --- [RMI TCP Connection(15)-127.0.0.1] inMXBeanRegistrar$SpringApplicationAdmin : Application shutdown requested.
2021-09-09 00:29:00.745  INFO 10272 --- [RMI TCP Connection(15)-127.0.0.1] j.LocalContainerEntityManagerFactoryBean : Closing JPA EntityManagerFactory for persistence unit 'default'
2021-09-09 00:29:00.747  INFO 10272 --- [RMI TCP Connection(15)-127.0.0.1] com.zaxxer.hikari.HikariDataSource       : HikariPool-1 - Shutdown initiated...
2021-09-09 00:29:00.755  INFO 10272 --- [RMI TCP Connection(15)-127.0.0.1] com.zaxxer.hikari.HikariDataSource       : HikariPool-1 - Shutdown completed.
2021-09-09 00:29:08.102  INFO 6236 --- [main] com.example.PMS.PMSApplication           : Starting PMSApplication using Java 16.0.1 on KaBiL with PID 6236 (F:\SpringBootUST\PizzaManagement\target\classes started by Dr Ariahran in F:\SpringBootUST\PizzaManagement)
2021-09-09 00:29:08.105  INFO 6236 --- [main] com.example.PMS.PMSApplication           : No active profile set, falling back to default profiles: default
2021-09-09 00:29:08.902  INFO 6236 --- [main] .s.d.r.c.RepositoryConfigurationDelegate : Bootstrapping Spring Data JPA repositories in DEFAULT mode.
2021-09-09 00:29:08.954  INFO 6236 --- [main] .s.d.r.c.RepositoryConfigurationDelegate : Finished Spring Data repository scanning in 42 ms. Found 1 JPA repository interfaces.
2021-09-09 00:29:09.521  INFO 6236 --- [main] o.s.b.w.embedded.tomcat.TomcatWebServer  : Tomcat initialized with port(s): 8080 (http)
2021-09-09 00:29:09.538  INFO 6236 --- [main] o.apache.catalina.core.StandardService   : Starting service [Tomcat]
2021-09-09 00:29:09.538  INFO 6236 --- [main] org.apache.catalina.core.StandardEngine  : Starting Servlet engine: [Apache Tomcat/9.0.52]
2021-09-09 00:29:09.693  INFO 6236 --- [main] o.a.c.c.C.[Tomcat].[localhost].[/]       : Initializing Spring embedded WebApplicationContext
2021-09-09 00:29:09.694  INFO 6236 --- [main] w.s.c.ServletWebServerApplicationContext : Root WebApplicationContext: initialization completed in 1522 ms
2021-09-09 00:29:09.870  INFO 6236 --- [main] o.hibernate.jpa.internal.util.LogHelper  : HHH000204: Processing PersistenceUnitInfo [name: default]
2021-09-09 00:29:09.918  INFO 6236 --- [main] org.hibernate.Version                    : HHH000412: Hibernate ORM core version 5.4.32.Final
2021-09-09 00:29:10.049  INFO 6236 --- [main] o.hibernate.annotations.common.Version   : HCANN000001: Hibernate Commons Annotations {5.1.2.Final}
2021-09-09 00:29:10.172  INFO 6236 --- [main] com.zaxxer.hikari.HikariDataSource       : HikariPool-1 - Starting...
2021-09-09 00:29:10.177  WARN 6236 --- [main] com.zaxxer.hikari.util.DriverDataSource  : Registered driver with driverClassName=com.mysql.jdbc.Driver was not found, trying direct instantiation.
2021-09-09 00:29:10.664  INFO 6236 --- [main] com.zaxxer.hikari.HikariDataSource       : HikariPool-1 - Start completed.
2021-09-09 00:29:10.682  INFO 6236 --- [main] org.hibernate.dialect.Dialect            : HHH000400: Using dialect: org.hibernate.dialect.MySQL5InnoDBDialect
2021-09-09 00:29:11.457  INFO 6236 --- [main] o.h.e.t.j.p.i.JtaPlatformInitiator       : HHH000490: Using JtaPlatform implementation: [org.hibernate.engine.transaction.jta.platform.internal.NoJtaPlatform]
2021-09-09 00:29:11.474  INFO 6236 --- [main] j.LocalContainerEntityManagerFactoryBean : Initialized JPA EntityManagerFactory for persistence unit 'default'
2021-09-09 00:29:11.811  WARN 6236 --- [main] JpaBaseConfiguration$JpaWebConfiguration : spring.jpa.open-in-view is enabled by default. Therefore, database queries may be performed during view rendering. Explicitly configure spring.jpa.open-in-view to disable this warning
2021-09-09 00:29:12.145  INFO 6236 --- [main] o.s.b.w.embedded.tomcat.TomcatWebServer  : Tomcat started on port(s): 8080 (http) with context path ''
2021-09-09 00:29:12.154  INFO 6236 --- [main] com.example.PMS.PMSApplication           : Started PMSApplication in 4.457 seconds (JVM running for 5.145)
2021-09-09 00:29:37.668  INFO 6236 --- [http-nio-8080-exec-1] o.a.c.c.C.[Tomcat].[localhost].[/]       : Initializing Spring DispatcherServlet 'dispatcherServlet'
2021-09-09 00:29:37.668  INFO 6236 --- [http-nio-8080-exec-1] o.s.web.servlet.DispatcherServlet        : Initializing Servlet 'dispatcherServlet'
2021-09-09 00:29:37.669  INFO 6236 --- [http-nio-8080-exec-1] o.s.web.servlet.DispatcherServlet        : Completed initialization in 1 ms
2021-09-09 00:41:45.909 ERROR 6236 --- [http-nio-8080-exec-6] o.a.c.c.C.[.[.[/].[dispatcherServlet]    : Servlet.service() for servlet [dispatcherServlet] in context with path [] threw exception [Request processing failed; nested exception is java.util.NoSuchElementException: No value present] with root cause

java.util.NoSuchElementException: No value present
	at java.base/java.util.Optional.get(Optional.java:143) ~[na:na]
	at com.example.PMS.PMSController.updatePizzaInfo(PMSController.java:71) ~[classes/:na]
	at java.base/jdk.internal.reflect.NativeMethodAccessorImpl.invoke0(Native Method) ~[na:na]
	at java.base/jdk.internal.reflect.NativeMethodAccessorImpl.invoke(NativeMethodAccessorImpl.java:78) ~[na:na]
	at java.base/jdk.internal.reflect.DelegatingMethodAccessorImpl.invoke(DelegatingMethodAccessorImpl.java:43) ~[na:na]
	at java.base/java.lang.reflect.Method.invoke(Method.java:567) ~[na:na]
	at org.springframework.web.method.support.InvocableHandlerMethod.doInvoke(InvocableHandlerMethod.java:197) ~[spring-web-5.3.9.jar:5.3.9]
	at org.springframework.web.method.support.InvocableHandlerMethod.invokeForRequest(InvocableHandlerMethod.java:141) ~[spring-web-5.3.9.jar:5.3.9]
	at org.springframework.web.servlet.mvc.method.annotation.ServletInvocableHandlerMethod.invokeAndHandle(ServletInvocableHandlerMethod.java:106) ~[spring-webmvc-5.3.9.jar:5.3.9]
	at org.springframework.web.servlet.mvc.method.annotation.RequestMappingHandlerAdapter.invokeHandlerMethod(RequestMappingHandlerAdapter.java:895) ~[spring-webmvc-5.3.9.jar:5.3.9]
	at org.springframework.web.servlet.mvc.method.annotation.RequestMappingHandlerAdapter.handleInternal(RequestMappingHandlerAdapter.java:808) ~[spring-webmvc-5.3.9.jar:5.3.9]
	at org.springframework.web.servlet.mvc.method.AbstractHandlerMethodAdapter.handle(AbstractHandlerMethodAdapter.java:87) ~[spring-webmvc-5.3.9.jar:5.3.9]
	at org.springframework.web.servlet.DispatcherServlet.doDispatch(DispatcherServlet.java:1064) ~[spring-webmvc-5.3.9.jar:5.3.9]
	at org.springframework.web.servlet.DispatcherServlet.doService(DispatcherServlet.java:963) ~[spring-webmvc-5.3.9.jar:5.3.9]
	at org.springframework.web.servlet.FrameworkServlet.processRequest(FrameworkServlet.java:1006) ~[spring-webmvc-5.3.9.jar:5.3.9]
	at org.springframework.web.servlet.FrameworkServlet.doPut(FrameworkServlet.java:920) ~[spring-webmvc-5.3.9.jar:5.3.9]
	at javax.servlet.http.HttpServlet.service(HttpServlet.java:684) ~[tomcat-embed-core-9.0.52.jar:4.0.FR]
	at org.springframework.web.servlet.FrameworkServlet.service(FrameworkServlet.java:883) ~[spring-webmvc-5.3.9.jar:5.3.9]
	at javax.servlet.http.HttpServlet.service(HttpServlet.java:764) ~[tomcat-embed-core-9.0.52.jar:4.0.FR]
	at org.apache.catalina.core.ApplicationFilterChain.internalDoFilter(ApplicationFilterChain.java:227) ~[tomcat-embed-core-9.0.52.jar:9.0.52]
	at org.apache.catalina.core.ApplicationFilterChain.doFilter(ApplicationFilterChain.java:162) ~[tomcat-embed-core-9.0.52.jar:9.0.52]
	at org.apache.tomcat.websocket.server.WsFilter.doFilter(WsFilter.java:53) ~[tomcat-embed-websocket-9.0.52.jar:9.0.52]
	at org.apache.catalina.core.ApplicationFilterChain.internalDoFilter(ApplicationFilterChain.java:189) ~[tomcat-embed-core-9.0.52.jar:9.0.52]
	at org.apache.catalina.core.ApplicationFilterChain.doFilter(ApplicationFilterChain.java:162) ~[tomcat-embed-core-9.0.52.jar:9.0.52]
	at org.springframework.web.filter.RequestContextFilter.doFilterInternal(RequestContextFilter.java:100) ~[spring-web-5.3.9.jar:5.3.9]
	at org.springframework.web.filter.OncePerRequestFilter.doFilter(OncePerRequestFilter.java:119) ~[spring-web-5.3.9.jar:5.3.9]
	at org.apache.catalina.core.ApplicationFilterChain.internalDoFilter(ApplicationFilterChain.java:189) ~[tomcat-embed-core-9.0.52.jar:9.0.52]
	at org.apache.catalina.core.ApplicationFilterChain.doFilter(ApplicationFilterChain.java:162) ~[tomcat-embed-core-9.0.52.jar:9.0.52]
	at org.springframework.web.filter.FormContentFilter.doFilterInternal(FormContentFilter.java:93) ~[spring-web-5.3.9.jar:5.3.9]
	at org.springframework.web.filter.OncePerRequestFilter.doFilter(OncePerRequestFilter.java:119) ~[spring-web-5.3.9.jar:5.3.9]
	at org.apache.catalina.core.ApplicationFilterChain.internalDoFilter(ApplicationFilterChain.java:189) ~[tomcat-embed-core-9.0.52.jar:9.0.52]
	at org.apache.catalina.core.ApplicationFilterChain.doFilter(ApplicationFilterChain.java:162) ~[tomcat-embed-core-9.0.52.jar:9.0.52]
	at org.springframework.web.filter.CharacterEncodingFilter.doFilterInternal(CharacterEncodingFilter.java:201) ~[spring-web-5.3.9.jar:5.3.9]
	at org.springframework.web.filter.OncePerRequestFilter.doFilter(OncePerRequestFilter.java:119) ~[spring-web-5.3.9.jar:5.3.9]
	at org.apache.catalina.core.ApplicationFilterChain.internalDoFilter(ApplicationFilterChain.java:189) ~[tomcat-embed-core-9.0.52.jar:9.0.52]
	at org.apache.catalina.core.ApplicationFilterChain.doFilter(ApplicationFilterChain.java:162) ~[tomcat-embed-core-9.0.52.jar:9.0.52]
	at org.apache.catalina.core.StandardWrapperValve.invoke(StandardWrapperValve.java:197) ~[tomcat-embed-core-9.0.52.jar:9.0.52]
	at org.apache.catalina.core.StandardContextValve.invoke(StandardContextValve.java:97) ~[tomcat-embed-core-9.0.52.jar:9.0.52]
	at org.apache.catalina.authenticator.AuthenticatorBase.invoke(AuthenticatorBase.java:542) ~[tomcat-embed-core-9.0.52.jar:9.0.52]
	at org.apache.catalina.core.StandardHostValve.invoke(StandardHostValve.java:135) ~[tomcat-embed-core-9.0.52.jar:9.0.52]
	at org.apache.catalina.valves.ErrorReportValve.invoke(ErrorReportValve.java:92) ~[tomcat-embed-core-9.0.52.jar:9.0.52]
	at org.apache.catalina.core.StandardEngineValve.invoke(StandardEngineValve.java:78) ~[tomcat-embed-core-9.0.52.jar:9.0.52]
	at org.apache.catalina.connector.CoyoteAdapter.service(CoyoteAdapter.java:357) ~[tomcat-embed-core-9.0.52.jar:9.0.52]
	at org.apache.coyote.http11.Http11Processor.service(Http11Processor.java:382) ~[tomcat-embed-core-9.0.52.jar:9.0.52]
	at org.apache.coyote.AbstractProcessorLight.process(AbstractProcessorLight.java:65) ~[tomcat-embed-core-9.0.52.jar:9.0.52]
	at org.apache.coyote.AbstractProtocol$ConnectionHandler.process(AbstractProtocol.java:893) ~[tomcat-embed-core-9.0.52.jar:9.0.52]
	at org.apache.tomcat.util.net.NioEndpoint$SocketProcessor.doRun(NioEndpoint.java:1726) ~[tomcat-embed-core-9.0.52.jar:9.0.52]
	at org.apache.tomcat.util.net.SocketProcessorBase.run(SocketProcessorBase.java:49) ~[tomcat-embed-core-9.0.52.jar:9.0.52]
	at org.apache.tomcat.util.threads.ThreadPoolExecutor.runWorker(ThreadPoolExecutor.java:1191) ~[tomcat-embed-core-9.0.52.jar:9.0.52]
	at org.apache.tomcat.util.threads.ThreadPoolExecutor$Worker.run(ThreadPoolExecutor.java:659) ~[tomcat-embed-core-9.0.52.jar:9.0.52]
	at org.apache.tomcat.util.threads.TaskThread$WrappingRunnable.run(TaskThread.java:61) ~[tomcat-embed-core-9.0.52.jar:9.0.52]
	at java.base/java.lang.Thread.run(Thread.java:831) ~[na:na]

2021-09-09 00:51:21.150  INFO 6236 --- [RMI TCP Connection(24)-127.0.0.1] inMXBeanRegistrar$SpringApplicationAdmin : Application shutdown requested.
2021-09-09 00:51:21.184  INFO 6236 --- [RMI TCP Connection(24)-127.0.0.1] j.LocalContainerEntityManagerFactoryBean : Closing JPA EntityManagerFactory for persistence unit 'default'
2021-09-09 00:51:21.187  INFO 6236 --- [RMI TCP Connection(24)-127.0.0.1] com.zaxxer.hikari.HikariDataSource       : HikariPool-1 - Shutdown initiated...
2021-09-09 00:51:21.198  INFO 6236 --- [RMI TCP Connection(24)-127.0.0.1] com.zaxxer.hikari.HikariDataSource       : HikariPool-1 - Shutdown completed.
2021-09-09 20:14:45.461  INFO 6632 --- [main] com.example.PMS.PMSApplication           : Starting PMSApplication using Java 16.0.1 on KaBiL with PID 6632 (F:\SpringBootUST\PizzaManagement\target\classes started by Dr Ariahran in F:\SpringBootUST\PizzaManagement)
2021-09-09 20:14:45.502  INFO 6632 --- [main] com.example.PMS.PMSApplication           : No active profile set, falling back to default profiles: default
2021-09-09 20:14:46.474  INFO 6632 --- [main] .s.d.r.c.RepositoryConfigurationDelegate : Bootstrapping Spring Data JPA repositories in DEFAULT mode.
2021-09-09 20:14:46.527  INFO 6632 --- [main] .s.d.r.c.RepositoryConfigurationDelegate : Finished Spring Data repository scanning in 43 ms. Found 1 JPA repository interfaces.
2021-09-09 20:14:47.077  INFO 6632 --- [main] o.s.b.w.embedded.tomcat.TomcatWebServer  : Tomcat initialized with port(s): 8080 (http)
2021-09-09 20:14:47.105  INFO 6632 --- [main] o.apache.catalina.core.StandardService   : Starting service [Tomcat]
2021-09-09 20:14:47.106  INFO 6632 --- [main] org.apache.catalina.core.StandardEngine  : Starting Servlet engine: [Apache Tomcat/9.0.52]
2021-09-09 20:14:47.215  INFO 6632 --- [main] o.a.c.c.C.[Tomcat].[localhost].[/]       : Initializing Spring embedded WebApplicationContext
2021-09-09 20:14:47.216  INFO 6632 --- [main] w.s.c.ServletWebServerApplicationContext : Root WebApplicationContext: initialization completed in 1609 ms
2021-09-09 20:14:47.404  INFO 6632 --- [main] o.hibernate.jpa.internal.util.LogHelper  : HHH000204: Processing PersistenceUnitInfo [name: default]
2021-09-09 20:14:47.455  INFO 6632 --- [main] org.hibernate.Version                    : HHH000412: Hibernate ORM core version 5.4.32.Final
2021-09-09 20:14:47.597  INFO 6632 --- [main] o.hibernate.annotations.common.Version   : HCANN000001: Hibernate Commons Annotations {5.1.2.Final}
2021-09-09 20:14:47.734  INFO 6632 --- [main] com.zaxxer.hikari.HikariDataSource       : HikariPool-1 - Starting...
2021-09-09 20:14:47.739  WARN 6632 --- [main] com.zaxxer.hikari.util.DriverDataSource  : Registered driver with driverClassName=com.mysql.jdbc.Driver was not found, trying direct instantiation.
2021-09-09 20:14:48.174  INFO 6632 --- [main] com.zaxxer.hikari.HikariDataSource       : HikariPool-1 - Start completed.
2021-09-09 20:14:48.190  INFO 6632 --- [main] org.hibernate.dialect.Dialect            : HHH000400: Using dialect: org.hibernate.dialect.MySQL5InnoDBDialect
2021-09-09 20:14:48.868  INFO 6632 --- [main] o.h.e.t.j.p.i.JtaPlatformInitiator       : HHH000490: Using JtaPlatform implementation: [org.hibernate.engine.transaction.jta.platform.internal.NoJtaPlatform]
2021-09-09 20:14:48.877  INFO 6632 --- [main] j.LocalContainerEntityManagerFactoryBean : Initialized JPA EntityManagerFactory for persistence unit 'default'
2021-09-09 20:14:49.185  WARN 6632 --- [main] JpaBaseConfiguration$JpaWebConfiguration : spring.jpa.open-in-view is enabled by default. Therefore, database queries may be performed during view rendering. Explicitly configure spring.jpa.open-in-view to disable this warning
2021-09-09 20:14:49.701  INFO 6632 --- [main] o.s.b.w.embedded.tomcat.TomcatWebServer  : Tomcat started on port(s): 8080 (http) with context path ''
2021-09-09 20:14:49.710  INFO 6632 --- [main] com.example.PMS.PMSApplication           : Started PMSApplication in 5.414 seconds (JVM running for 6.268)
2021-09-09 20:16:46.193  INFO 6632 --- [http-nio-8080-exec-1] o.a.c.c.C.[Tomcat].[localhost].[/]       : Initializing Spring DispatcherServlet 'dispatcherServlet'
2021-09-09 20:16:46.194  INFO 6632 --- [http-nio-8080-exec-1] o.s.web.servlet.DispatcherServlet        : Initializing Servlet 'dispatcherServlet'
2021-09-09 20:16:46.197  INFO 6632 --- [http-nio-8080-exec-1] o.s.web.servlet.DispatcherServlet        : Completed initialization in 2 ms
2021-09-09 20:18:10.533  WARN 6632 --- [http-nio-8080-exec-5] .w.s.m.s.DefaultHandlerExceptionResolver : Resolved [org.springframework.web.HttpRequestMethodNotSupportedException: Request method 'GET' not supported]
2021-09-09 22:53:31.972  INFO 6120 --- [main] com.example.PMS.PMSApplication           : Starting PMSApplication using Java 16.0.1 on KaBiL with PID 6120 (F:\SpringBootUST\PizzaManagement\target\classes started by Dr Ariahran in F:\SpringBootUST\PizzaManagement)
2021-09-09 22:53:31.976  INFO 6120 --- [main] com.example.PMS.PMSApplication           : No active profile set, falling back to default profiles: default
2021-09-09 22:53:32.684  INFO 6120 --- [main] .s.d.r.c.RepositoryConfigurationDelegate : Bootstrapping Spring Data JPA repositories in DEFAULT mode.
2021-09-09 22:53:32.735  INFO 6120 --- [main] .s.d.r.c.RepositoryConfigurationDelegate : Finished Spring Data repository scanning in 42 ms. Found 1 JPA repository interfaces.
2021-09-09 22:53:33.251  INFO 6120 --- [main] o.s.b.w.embedded.tomcat.TomcatWebServer  : Tomcat initialized with port(s): 8080 (http)
2021-09-09 22:53:33.261  INFO 6120 --- [main] o.apache.catalina.core.StandardService   : Starting service [Tomcat]
2021-09-09 22:53:33.262  INFO 6120 --- [main] org.apache.catalina.core.StandardEngine  : Starting Servlet engine: [Apache Tomcat/9.0.52]
2021-09-09 22:53:33.387  INFO 6120 --- [main] o.a.c.c.C.[Tomcat].[localhost].[/]       : Initializing Spring embedded WebApplicationContext
2021-09-09 22:53:33.388  INFO 6120 --- [main] w.s.c.ServletWebServerApplicationContext : Root WebApplicationContext: initialization completed in 1337 ms
2021-09-09 22:53:33.562  INFO 6120 --- [main] o.hibernate.jpa.internal.util.LogHelper  : HHH000204: Processing PersistenceUnitInfo [name: default]
2021-09-09 22:53:33.609  INFO 6120 --- [main] org.hibernate.Version                    : HHH000412: Hibernate ORM core version 5.4.32.Final
2021-09-09 22:53:33.742  INFO 6120 --- [main] o.hibernate.annotations.common.Version   : HCANN000001: Hibernate Commons Annotations {5.1.2.Final}
2021-09-09 22:53:33.838  INFO 6120 --- [main] com.zaxxer.hikari.HikariDataSource       : HikariPool-1 - Starting...
2021-09-09 22:53:33.843  WARN 6120 --- [main] com.zaxxer.hikari.util.DriverDataSource  : Registered driver with driverClassName=com.mysql.jdbc.Driver was not found, trying direct instantiation.
2021-09-09 22:53:34.183  INFO 6120 --- [main] com.zaxxer.hikari.HikariDataSource       : HikariPool-1 - Start completed.
2021-09-09 22:53:34.199  INFO 6120 --- [main] org.hibernate.dialect.Dialect            : HHH000400: Using dialect: org.hibernate.dialect.MySQL5InnoDBDialect
2021-09-09 22:53:34.879  INFO 6120 --- [main] o.h.e.t.j.p.i.JtaPlatformInitiator       : HHH000490: Using JtaPlatform implementation: [org.hibernate.engine.transaction.jta.platform.internal.NoJtaPlatform]
2021-09-09 22:53:34.887  INFO 6120 --- [main] j.LocalContainerEntityManagerFactoryBean : Initialized JPA EntityManagerFactory for persistence unit 'default'
2021-09-09 22:53:35.175  WARN 6120 --- [main] JpaBaseConfiguration$JpaWebConfiguration : spring.jpa.open-in-view is enabled by default. Therefore, database queries may be performed during view rendering. Explicitly configure spring.jpa.open-in-view to disable this warning
2021-09-09 22:53:35.504  WARN 6120 --- [main] ConfigServletWebServerApplicationContext : Exception encountered during context initialization - cancelling refresh attempt: org.springframework.context.ApplicationContextException: Failed to start bean 'webServerStartStop'; nested exception is org.springframework.boot.web.server.PortInUseException: Port 8080 is already in use
2021-09-09 22:53:35.505  INFO 6120 --- [main] j.LocalContainerEntityManagerFactoryBean : Closing JPA EntityManagerFactory for persistence unit 'default'
2021-09-09 22:53:35.507  INFO 6120 --- [main] com.zaxxer.hikari.HikariDataSource       : HikariPool-1 - Shutdown initiated...
2021-09-09 22:53:35.515  INFO 6120 --- [main] com.zaxxer.hikari.HikariDataSource       : HikariPool-1 - Shutdown completed.
2021-09-09 22:53:35.517  INFO 6120 --- [main] o.apache.catalina.core.StandardService   : Stopping service [Tomcat]
2021-09-09 22:53:35.529  INFO 6120 --- [main] ConditionEvaluationReportLoggingListener : 

Error starting ApplicationContext. To display the conditions report re-run your application with 'debug' enabled.
2021-09-09 22:53:35.578 ERROR 6120 --- [main] o.s.b.d.LoggingFailureAnalysisReporter   : 

***************************
APPLICATION FAILED TO START
***************************

Description:

Web server failed to start. Port 8080 was already in use.

Action:

Identify and stop the process that's listening on port 8080 or configure this application to listen on another port.

2021-09-09 22:54:20.580  INFO 11256 --- [main] com.example.PMS.PMSApplication           : Starting PMSApplication using Java 16.0.1 on KaBiL with PID 11256 (F:\SpringBootUST\PizzaManagement\target\classes started by Dr Ariahran in F:\SpringBootUST\PizzaManagement)
2021-09-09 22:54:20.583  INFO 11256 --- [main] com.example.PMS.PMSApplication           : No active profile set, falling back to default profiles: default
2021-09-09 22:54:21.629  INFO 11256 --- [main] .s.d.r.c.RepositoryConfigurationDelegate : Bootstrapping Spring Data JPA repositories in DEFAULT mode.
2021-09-09 22:54:21.695  INFO 11256 --- [main] .s.d.r.c.RepositoryConfigurationDelegate : Finished Spring Data repository scanning in 54 ms. Found 1 JPA repository interfaces.
2021-09-09 22:54:22.251  INFO 11256 --- [main] o.s.b.w.embedded.tomcat.TomcatWebServer  : Tomcat initialized with port(s): 8080 (http)
2021-09-09 22:54:22.273  INFO 11256 --- [main] o.apache.catalina.core.StandardService   : Starting service [Tomcat]
2021-09-09 22:54:22.274  INFO 11256 --- [main] org.apache.catalina.core.StandardEngine  : Starting Servlet engine: [Apache Tomcat/9.0.52]
2021-09-09 22:54:22.457  INFO 11256 --- [main] o.a.c.c.C.[Tomcat].[localhost].[/]       : Initializing Spring embedded WebApplicationContext
2021-09-09 22:54:22.458  INFO 11256 --- [main] w.s.c.ServletWebServerApplicationContext : Root WebApplicationContext: initialization completed in 1819 ms
2021-09-09 22:54:22.637  INFO 11256 --- [main] o.hibernate.jpa.internal.util.LogHelper  : HHH000204: Processing PersistenceUnitInfo [name: default]
2021-09-09 22:54:22.727  INFO 11256 --- [main] org.hibernate.Version                    : HHH000412: Hibernate ORM core version 5.4.32.Final
2021-09-09 22:54:22.925  INFO 11256 --- [main] o.hibernate.annotations.common.Version   : HCANN000001: Hibernate Commons Annotations {5.1.2.Final}
2021-09-09 22:54:23.021  INFO 11256 --- [main] com.zaxxer.hikari.HikariDataSource       : HikariPool-1 - Starting...
2021-09-09 22:54:23.025  WARN 11256 --- [main] com.zaxxer.hikari.util.DriverDataSource  : Registered driver with driverClassName=com.mysql.jdbc.Driver was not found, trying direct instantiation.
2021-09-09 22:54:23.371  INFO 11256 --- [main] com.zaxxer.hikari.HikariDataSource       : HikariPool-1 - Start completed.
2021-09-09 22:54:23.387  INFO 11256 --- [main] org.hibernate.dialect.Dialect            : HHH000400: Using dialect: org.hibernate.dialect.MySQL5InnoDBDialect
2021-09-09 22:54:24.053  INFO 11256 --- [main] o.h.e.t.j.p.i.JtaPlatformInitiator       : HHH000490: Using JtaPlatform implementation: [org.hibernate.engine.transaction.jta.platform.internal.NoJtaPlatform]
2021-09-09 22:54:24.062  INFO 11256 --- [main] j.LocalContainerEntityManagerFactoryBean : Initialized JPA EntityManagerFactory for persistence unit 'default'
2021-09-09 22:54:24.356  WARN 11256 --- [main] JpaBaseConfiguration$JpaWebConfiguration : spring.jpa.open-in-view is enabled by default. Therefore, database queries may be performed during view rendering. Explicitly configure spring.jpa.open-in-view to disable this warning
2021-09-09 22:54:24.771  WARN 11256 --- [main] ConfigServletWebServerApplicationContext : Exception encountered during context initialization - cancelling refresh attempt: org.springframework.context.ApplicationContextException: Failed to start bean 'webServerStartStop'; nested exception is org.springframework.boot.web.server.PortInUseException: Port 8080 is already in use
2021-09-09 22:54:24.773  INFO 11256 --- [main] j.LocalContainerEntityManagerFactoryBean : Closing JPA EntityManagerFactory for persistence unit 'default'
2021-09-09 22:54:24.775  INFO 11256 --- [main] com.zaxxer.hikari.HikariDataSource       : HikariPool-1 - Shutdown initiated...
2021-09-09 22:54:24.783  INFO 11256 --- [main] com.zaxxer.hikari.HikariDataSource       : HikariPool-1 - Shutdown completed.
2021-09-09 22:54:24.785  INFO 11256 --- [main] o.apache.catalina.core.StandardService   : Stopping service [Tomcat]
2021-09-09 22:54:24.797  INFO 11256 --- [main] ConditionEvaluationReportLoggingListener : 

Error starting ApplicationContext. To display the conditions report re-run your application with 'debug' enabled.
2021-09-09 22:54:24.811 ERROR 11256 --- [main] o.s.b.d.LoggingFailureAnalysisReporter   : 

***************************
APPLICATION FAILED TO START
***************************

Description:

Web server failed to start. Port 8080 was already in use.

Action:

Identify and stop the process that's listening on port 8080 or configure this application to listen on another port.

2021-09-09 22:54:30.592  INFO 6632 --- [RMI TCP Connection(164)-127.0.0.1] inMXBeanRegistrar$SpringApplicationAdmin : Application shutdown requested.
2021-09-09 22:54:30.614  INFO 6632 --- [RMI TCP Connection(164)-127.0.0.1] j.LocalContainerEntityManagerFactoryBean : Closing JPA EntityManagerFactory for persistence unit 'default'
2021-09-09 22:54:30.616  INFO 6632 --- [RMI TCP Connection(164)-127.0.0.1] com.zaxxer.hikari.HikariDataSource       : HikariPool-1 - Shutdown initiated...
2021-09-09 22:54:30.620  INFO 6632 --- [RMI TCP Connection(164)-127.0.0.1] com.zaxxer.hikari.HikariDataSource       : HikariPool-1 - Shutdown completed.
2021-09-09 22:54:38.605  INFO 440 --- [main] com.example.PMS.PMSApplication           : Starting PMSApplication using Java 16.0.1 on KaBiL with PID 440 (F:\SpringBootUST\PizzaManagement\target\classes started by Dr Ariahran in F:\SpringBootUST\PizzaManagement)
2021-09-09 22:54:38.609  INFO 440 --- [main] com.example.PMS.PMSApplication           : No active profile set, falling back to default profiles: default
2021-09-09 22:54:39.295  INFO 440 --- [main] .s.d.r.c.RepositoryConfigurationDelegate : Bootstrapping Spring Data JPA repositories in DEFAULT mode.
2021-09-09 22:54:39.347  INFO 440 --- [main] .s.d.r.c.RepositoryConfigurationDelegate : Finished Spring Data repository scanning in 43 ms. Found 1 JPA repository interfaces.
2021-09-09 22:54:39.861  INFO 440 --- [main] o.s.b.w.embedded.tomcat.TomcatWebServer  : Tomcat initialized with port(s): 8080 (http)
2021-09-09 22:54:39.871  INFO 440 --- [main] o.apache.catalina.core.StandardService   : Starting service [Tomcat]
2021-09-09 22:54:39.872  INFO 440 --- [main] org.apache.catalina.core.StandardEngine  : Starting Servlet engine: [Apache Tomcat/9.0.52]
2021-09-09 22:54:39.995  INFO 440 --- [main] o.a.c.c.C.[Tomcat].[localhost].[/]       : Initializing Spring embedded WebApplicationContext
2021-09-09 22:54:39.995  INFO 440 --- [main] w.s.c.ServletWebServerApplicationContext : Root WebApplicationContext: initialization completed in 1328 ms
2021-09-09 22:54:40.173  INFO 440 --- [main] o.hibernate.jpa.internal.util.LogHelper  : HHH000204: Processing PersistenceUnitInfo [name: default]
2021-09-09 22:54:40.220  INFO 440 --- [main] org.hibernate.Version                    : HHH000412: Hibernate ORM core version 5.4.32.Final
2021-09-09 22:54:40.352  INFO 440 --- [main] o.hibernate.annotations.common.Version   : HCANN000001: Hibernate Commons Annotations {5.1.2.Final}
2021-09-09 22:54:40.449  INFO 440 --- [main] com.zaxxer.hikari.HikariDataSource       : HikariPool-1 - Starting...
2021-09-09 22:54:40.453  WARN 440 --- [main] com.zaxxer.hikari.util.DriverDataSource  : Registered driver with driverClassName=com.mysql.jdbc.Driver was not found, trying direct instantiation.
2021-09-09 22:54:40.808  INFO 440 --- [main] com.zaxxer.hikari.HikariDataSource       : HikariPool-1 - Start completed.
2021-09-09 22:54:40.824  INFO 440 --- [main] org.hibernate.dialect.Dialect            : HHH000400: Using dialect: org.hibernate.dialect.MySQL5InnoDBDialect
2021-09-09 22:54:41.486  INFO 440 --- [main] o.h.e.t.j.p.i.JtaPlatformInitiator       : HHH000490: Using JtaPlatform implementation: [org.hibernate.engine.transaction.jta.platform.internal.NoJtaPlatform]
2021-09-09 22:54:41.495  INFO 440 --- [main] j.LocalContainerEntityManagerFactoryBean : Initialized JPA EntityManagerFactory for persistence unit 'default'
2021-09-09 22:54:41.792  WARN 440 --- [main] JpaBaseConfiguration$JpaWebConfiguration : spring.jpa.open-in-view is enabled by default. Therefore, database queries may be performed during view rendering. Explicitly configure spring.jpa.open-in-view to disable this warning
2021-09-09 22:54:42.139  INFO 440 --- [main] o.s.b.w.embedded.tomcat.TomcatWebServer  : Tomcat started on port(s): 8080 (http) with context path ''
2021-09-09 22:54:42.148  INFO 440 --- [main] com.example.PMS.PMSApplication           : Started PMSApplication in 3.967 seconds (JVM running for 4.713)
2021-09-09 22:55:48.984  INFO 440 --- [http-nio-8080-exec-1] o.a.c.c.C.[Tomcat].[localhost].[/]       : Initializing Spring DispatcherServlet 'dispatcherServlet'
2021-09-09 22:55:48.986  INFO 440 --- [http-nio-8080-exec-1] o.s.web.servlet.DispatcherServlet        : Initializing Servlet 'dispatcherServlet'
2021-09-09 22:55:48.988  INFO 440 --- [http-nio-8080-exec-1] o.s.web.servlet.DispatcherServlet        : Completed initialization in 2 ms
2021-09-09 22:58:55.952  INFO 440 --- [RMI TCP Connection(8)-127.0.0.1] inMXBeanRegistrar$SpringApplicationAdmin : Application shutdown requested.
2021-09-09 22:58:55.973  INFO 440 --- [RMI TCP Connection(8)-127.0.0.1] j.LocalContainerEntityManagerFactoryBean : Closing JPA EntityManagerFactory for persistence unit 'default'
2021-09-09 22:58:55.975  INFO 440 --- [RMI TCP Connection(8)-127.0.0.1] com.zaxxer.hikari.HikariDataSource       : HikariPool-1 - Shutdown initiated...
2021-09-09 22:58:55.983  INFO 440 --- [RMI TCP Connection(8)-127.0.0.1] com.zaxxer.hikari.HikariDataSource       : HikariPool-1 - Shutdown completed.
2021-09-09 23:00:59.713  INFO 12820 --- [main] com.example.PMS.PMSApplication           : Starting PMSApplication using Java 16.0.1 on KaBiL with PID 12820 (F:\SpringBootUST\PizzaManagement\target\classes started by Dr Ariahran in F:\SpringBootUST\PizzaManagement)
2021-09-09 23:00:59.718  INFO 12820 --- [main] com.example.PMS.PMSApplication           : No active profile set, falling back to default profiles: default
2021-09-09 23:01:00.512  INFO 12820 --- [main] .s.d.r.c.RepositoryConfigurationDelegate : Bootstrapping Spring Data JPA repositories in DEFAULT mode.
2021-09-09 23:01:00.572  INFO 12820 --- [main] .s.d.r.c.RepositoryConfigurationDelegate : Finished Spring Data repository scanning in 48 ms. Found 1 JPA repository interfaces.
2021-09-09 23:01:01.119  INFO 12820 --- [main] o.s.b.w.embedded.tomcat.TomcatWebServer  : Tomcat initialized with port(s): 8080 (http)
2021-09-09 23:01:01.129  INFO 12820 --- [main] o.apache.catalina.core.StandardService   : Starting service [Tomcat]
2021-09-09 23:01:01.129  INFO 12820 --- [main] org.apache.catalina.core.StandardEngine  : Starting Servlet engine: [Apache Tomcat/9.0.52]
2021-09-09 23:01:01.261  INFO 12820 --- [main] o.a.c.c.C.[Tomcat].[localhost].[/]       : Initializing Spring embedded WebApplicationContext
2021-09-09 23:01:01.261  INFO 12820 --- [main] w.s.c.ServletWebServerApplicationContext : Root WebApplicationContext: initialization completed in 1485 ms
2021-09-09 23:01:01.441  INFO 12820 --- [main] o.hibernate.jpa.internal.util.LogHelper  : HHH000204: Processing PersistenceUnitInfo [name: default]
2021-09-09 23:01:01.490  INFO 12820 --- [main] org.hibernate.Version                    : HHH000412: Hibernate ORM core version 5.4.32.Final
2021-09-09 23:01:01.624  INFO 12820 --- [main] o.hibernate.annotations.common.Version   : HCANN000001: Hibernate Commons Annotations {5.1.2.Final}
2021-09-09 23:01:01.727  INFO 12820 --- [main] com.zaxxer.hikari.HikariDataSource       : HikariPool-1 - Starting...
2021-09-09 23:01:01.731  WARN 12820 --- [main] com.zaxxer.hikari.util.DriverDataSource  : Registered driver with driverClassName=com.mysql.jdbc.Driver was not found, trying direct instantiation.
2021-09-09 23:01:02.083  INFO 12820 --- [main] com.zaxxer.hikari.HikariDataSource       : HikariPool-1 - Start completed.
2021-09-09 23:01:02.098  INFO 12820 --- [main] org.hibernate.dialect.Dialect            : HHH000400: Using dialect: org.hibernate.dialect.MySQL5InnoDBDialect
2021-09-09 23:01:02.779  INFO 12820 --- [main] o.h.e.t.j.p.i.JtaPlatformInitiator       : HHH000490: Using JtaPlatform implementation: [org.hibernate.engine.transaction.jta.platform.internal.NoJtaPlatform]
2021-09-09 23:01:02.788  INFO 12820 --- [main] j.LocalContainerEntityManagerFactoryBean : Initialized JPA EntityManagerFactory for persistence unit 'default'
2021-09-09 23:01:03.073  WARN 12820 --- [main] JpaBaseConfiguration$JpaWebConfiguration : spring.jpa.open-in-view is enabled by default. Therefore, database queries may be performed during view rendering. Explicitly configure spring.jpa.open-in-view to disable this warning
2021-09-09 23:01:03.421  INFO 12820 --- [main] o.s.b.w.embedded.tomcat.TomcatWebServer  : Tomcat started on port(s): 8080 (http) with context path ''
2021-09-09 23:01:03.430  INFO 12820 --- [main] com.example.PMS.PMSApplication           : Started PMSApplication in 4.133 seconds (JVM running for 4.84)
2021-09-09 23:02:21.211  INFO 12820 --- [http-nio-8080-exec-2] o.a.c.c.C.[Tomcat].[localhost].[/]       : Initializing Spring DispatcherServlet 'dispatcherServlet'
2021-09-09 23:02:21.212  INFO 12820 --- [http-nio-8080-exec-2] o.s.web.servlet.DispatcherServlet        : Initializing Servlet 'dispatcherServlet'
2021-09-09 23:02:21.213  INFO 12820 --- [http-nio-8080-exec-2] o.s.web.servlet.DispatcherServlet        : Completed initialization in 1 ms
2021-09-09 23:05:44.650  INFO 12820 --- [RMI TCP Connection(8)-127.0.0.1] inMXBeanRegistrar$SpringApplicationAdmin : Application shutdown requested.
2021-09-09 23:05:44.673  INFO 12820 --- [RMI TCP Connection(8)-127.0.0.1] j.LocalContainerEntityManagerFactoryBean : Closing JPA EntityManagerFactory for persistence unit 'default'
2021-09-09 23:05:44.676  INFO 12820 --- [RMI TCP Connection(8)-127.0.0.1] com.zaxxer.hikari.HikariDataSource       : HikariPool-1 - Shutdown initiated...
2021-09-09 23:05:44.688  INFO 12820 --- [RMI TCP Connection(8)-127.0.0.1] com.zaxxer.hikari.HikariDataSource       : HikariPool-1 - Shutdown completed.
2021-09-09 23:05:54.025  INFO 96 --- [main] com.example.PMS.PMSApplication           : Starting PMSApplication using Java 16.0.1 on KaBiL with PID 96 (F:\SpringBootUST\PizzaManagement\target\classes started by Dr Ariahran in F:\SpringBootUST\PizzaManagement)
2021-09-09 23:05:54.036  INFO 96 --- [main] com.example.PMS.PMSApplication           : No active profile set, falling back to default profiles: default
2021-09-09 23:05:54.757  INFO 96 --- [main] .s.d.r.c.RepositoryConfigurationDelegate : Bootstrapping Spring Data JPA repositories in DEFAULT mode.
2021-09-09 23:05:54.807  INFO 96 --- [main] .s.d.r.c.RepositoryConfigurationDelegate : Finished Spring Data repository scanning in 41 ms. Found 1 JPA repository interfaces.
2021-09-09 23:05:55.437  INFO 96 --- [main] o.s.b.w.embedded.tomcat.TomcatWebServer  : Tomcat initialized with port(s): 8080 (http)
2021-09-09 23:05:55.448  INFO 96 --- [main] o.apache.catalina.core.StandardService   : Starting service [Tomcat]
2021-09-09 23:05:55.448  INFO 96 --- [main] org.apache.catalina.core.StandardEngine  : Starting Servlet engine: [Apache Tomcat/9.0.52]
2021-09-09 23:05:55.583  INFO 96 --- [main] o.a.c.c.C.[Tomcat].[localhost].[/]       : Initializing Spring embedded WebApplicationContext
2021-09-09 23:05:55.583  INFO 96 --- [main] w.s.c.ServletWebServerApplicationContext : Root WebApplicationContext: initialization completed in 1485 ms
2021-09-09 23:05:55.763  INFO 96 --- [main] o.hibernate.jpa.internal.util.LogHelper  : HHH000204: Processing PersistenceUnitInfo [name: default]
2021-09-09 23:05:55.812  INFO 96 --- [main] org.hibernate.Version                    : HHH000412: Hibernate ORM core version 5.4.32.Final
2021-09-09 23:05:55.949  INFO 96 --- [main] o.hibernate.annotations.common.Version   : HCANN000001: Hibernate Commons Annotations {5.1.2.Final}
2021-09-09 23:05:56.052  INFO 96 --- [main] com.zaxxer.hikari.HikariDataSource       : HikariPool-1 - Starting...
2021-09-09 23:05:56.056  WARN 96 --- [main] com.zaxxer.hikari.util.DriverDataSource  : Registered driver with driverClassName=com.mysql.jdbc.Driver was not found, trying direct instantiation.
2021-09-09 23:05:56.409  INFO 96 --- [main] com.zaxxer.hikari.HikariDataSource       : HikariPool-1 - Start completed.
2021-09-09 23:05:56.425  INFO 96 --- [main] org.hibernate.dialect.Dialect            : HHH000400: Using dialect: org.hibernate.dialect.MySQL5InnoDBDialect
2021-09-09 23:05:57.209  INFO 96 --- [main] o.h.e.t.j.p.i.JtaPlatformInitiator       : HHH000490: Using JtaPlatform implementation: [org.hibernate.engine.transaction.jta.platform.internal.NoJtaPlatform]
2021-09-09 23:05:57.229  INFO 96 --- [main] j.LocalContainerEntityManagerFactoryBean : Initialized JPA EntityManagerFactory for persistence unit 'default'
2021-09-09 23:05:57.583  WARN 96 --- [main] JpaBaseConfiguration$JpaWebConfiguration : spring.jpa.open-in-view is enabled by default. Therefore, database queries may be performed during view rendering. Explicitly configure spring.jpa.open-in-view to disable this warning
2021-09-09 23:05:57.930  INFO 96 --- [main] o.s.b.w.embedded.tomcat.TomcatWebServer  : Tomcat started on port(s): 8080 (http) with context path ''
2021-09-09 23:05:57.940  INFO 96 --- [main] com.example.PMS.PMSApplication           : Started PMSApplication in 4.324 seconds (JVM running for 5.042)
2021-09-09 23:06:11.375  INFO 96 --- [http-nio-8080-exec-2] o.a.c.c.C.[Tomcat].[localhost].[/]       : Initializing Spring DispatcherServlet 'dispatcherServlet'
2021-09-09 23:06:11.375  INFO 96 --- [http-nio-8080-exec-2] o.s.web.servlet.DispatcherServlet        : Initializing Servlet 'dispatcherServlet'
2021-09-09 23:06:11.376  INFO 96 --- [http-nio-8080-exec-2] o.s.web.servlet.DispatcherServlet        : Completed initialization in 1 ms
2021-09-09 23:08:48.377  INFO 96 --- [RMI TCP Connection(6)-127.0.0.1] inMXBeanRegistrar$SpringApplicationAdmin : Application shutdown requested.
2021-09-09 23:08:48.397  INFO 96 --- [RMI TCP Connection(6)-127.0.0.1] j.LocalContainerEntityManagerFactoryBean : Closing JPA EntityManagerFactory for persistence unit 'default'
2021-09-09 23:08:48.399  INFO 96 --- [RMI TCP Connection(6)-127.0.0.1] com.zaxxer.hikari.HikariDataSource       : HikariPool-1 - Shutdown initiated...
2021-09-09 23:08:48.407  INFO 96 --- [RMI TCP Connection(6)-127.0.0.1] com.zaxxer.hikari.HikariDataSource       : HikariPool-1 - Shutdown completed.
